{"/Users/marcinmajchrzak/Documents/Trivial/contracts/DevelopmentTrivialToken.sol":{"l":{"38":0},"path":"/Users/marcinmajchrzak/Documents/Trivial/contracts/DevelopmentTrivialToken.sol","s":{"1":0,"2":0,"3":0,"4":0,"5":0,"6":1,"7":0,"8":10,"9":0,"10":0,"11":10,"12":0,"13":14,"14":0,"15":0,"16":0,"17":5,"18":0,"19":0,"20":1,"21":6,"22":8,"23":12,"24":6},"b":{},"f":{"1":12,"2":0,"3":0,"4":0,"5":0,"6":0,"7":1,"8":0,"9":10,"10":0,"11":0,"12":10,"13":0,"14":14,"15":0,"16":0,"17":0,"18":5,"19":0,"20":0,"21":1,"22":6,"23":8,"24":12,"25":6},"fnMap":{"1":{"name":"DevelopmentTrivialToken","line":7,"loc":{"start":{"line":7,"column":4},"end":{"line":18,"column":8}}},"2":{"name":"setStateCreated","line":23,"loc":{"start":{"line":23,"column":4},"end":{"line":23,"column":29}}},"3":{"name":"setStateIcoStarted","line":24,"loc":{"start":{"line":24,"column":4},"end":{"line":24,"column":32}}},"4":{"name":"setStateIcoFinished","line":25,"loc":{"start":{"line":25,"column":4},"end":{"line":25,"column":33}}},"5":{"name":"setStateAuctionStarted","line":26,"loc":{"start":{"line":26,"column":4},"end":{"line":26,"column":36}}},"6":{"name":"setStateAuctionFinished","line":27,"loc":{"start":{"line":27,"column":4},"end":{"line":27,"column":37}}},"7":{"name":"setStateIcoCancelled","line":28,"loc":{"start":{"line":28,"column":4},"end":{"line":28,"column":34}}},"8":{"name":"setTrivial","line":30,"loc":{"start":{"line":30,"column":4},"end":{"line":30,"column":38}}},"9":{"name":"becomeTrivial","line":31,"loc":{"start":{"line":31,"column":4},"end":{"line":31,"column":27}}},"10":{"name":"setArtist","line":32,"loc":{"start":{"line":32,"column":4},"end":{"line":32,"column":37}}},"11":{"name":"becomeArtist","line":33,"loc":{"start":{"line":33,"column":4},"end":{"line":33,"column":26}}},"12":{"name":"getTrivial","line":34,"loc":{"start":{"line":34,"column":4},"end":{"line":34,"column":51}}},"13":{"name":"getArtist","line":35,"loc":{"start":{"line":35,"column":4},"end":{"line":35,"column":50}}},"14":{"name":"getSelf","line":36,"loc":{"start":{"line":36,"column":4},"end":{"line":36,"column":48}}},"15":{"name":"becomeKeyHolder","line":37,"loc":{"start":{"line":37,"column":4},"end":{"line":37,"column":29}}},"16":{"name":"setIcoEndTime","line":40,"loc":{"start":{"line":40,"column":4},"end":{"line":40,"column":39}}},"17":{"name":"setIcoEndTimeOneMinute","line":41,"loc":{"start":{"line":41,"column":4},"end":{"line":41,"column":36}}},"18":{"name":"setIcoEndTimePast","line":42,"loc":{"start":{"line":42,"column":4},"end":{"line":42,"column":31}}},"19":{"name":"setAuctionEndTime","line":43,"loc":{"start":{"line":43,"column":4},"end":{"line":43,"column":43}}},"20":{"name":"setAuctionEndTimeOneMinute","line":44,"loc":{"start":{"line":44,"column":4},"end":{"line":44,"column":40}}},"21":{"name":"setAuctionEndTimePast","line":45,"loc":{"start":{"line":45,"column":4},"end":{"line":45,"column":35}}},"22":{"name":"contributorsCount","line":47,"loc":{"start":{"line":47,"column":4},"end":{"line":47,"column":58}}},"23":{"name":"getBalance","line":48,"loc":{"start":{"line":48,"column":4},"end":{"line":48,"column":66}}},"24":{"name":"getTokens","line":49,"loc":{"start":{"line":49,"column":4},"end":{"line":49,"column":65}}},"25":{"name":"setTokens","line":50,"loc":{"start":{"line":50,"column":4},"end":{"line":50,"column":54}}}},"statementMap":{"1":{"start":{"line":23,"column":33},"end":{"line":23,"column":60}},"2":{"start":{"line":24,"column":36},"end":{"line":24,"column":66}},"3":{"start":{"line":25,"column":37},"end":{"line":25,"column":68}},"4":{"start":{"line":26,"column":40},"end":{"line":26,"column":74}},"5":{"start":{"line":27,"column":41},"end":{"line":27,"column":76}},"6":{"start":{"line":28,"column":38},"end":{"line":28,"column":70}},"7":{"start":{"line":30,"column":42},"end":{"line":30,"column":57}},"8":{"start":{"line":31,"column":31},"end":{"line":31,"column":50}},"9":{"start":{"line":32,"column":41},"end":{"line":32,"column":55}},"10":{"start":{"line":33,"column":30},"end":{"line":33,"column":48}},"11":{"start":{"line":34,"column":55},"end":{"line":34,"column":69}},"12":{"start":{"line":35,"column":54},"end":{"line":35,"column":67}},"13":{"start":{"line":36,"column":52},"end":{"line":36,"column":69}},"14":{"start":{"line":38,"column":8},"end":{"line":38,"column":90}},"15":{"start":{"line":40,"column":43},"end":{"line":40,"column":59}},"16":{"start":{"line":41,"column":40},"end":{"line":41,"column":67}},"17":{"start":{"line":42,"column":35},"end":{"line":42,"column":62}},"18":{"start":{"line":43,"column":47},"end":{"line":43,"column":67}},"19":{"start":{"line":44,"column":44},"end":{"line":44,"column":75}},"20":{"start":{"line":45,"column":39},"end":{"line":45,"column":70}},"21":{"start":{"line":47,"column":62},"end":{"line":47,"column":88}},"22":{"start":{"line":48,"column":70},"end":{"line":48,"column":92}},"23":{"start":{"line":49,"column":69},"end":{"line":49,"column":93}},"24":{"start":{"line":50,"column":58},"end":{"line":50,"column":83}}},"branchMap":{}},"/Users/marcinmajchrzak/Documents/Trivial/contracts/TrivialToken.sol":{"l":{"65":0,"66":0,"67":0,"78":13,"79":13,"85":13,"86":13,"88":13,"89":13,"90":13,"92":13,"93":13,"94":13,"95":13,"97":13,"98":13,"99":13,"101":13,"110":9,"111":9,"117":32,"119":32,"120":28,"122":32,"123":32,"125":32,"131":5,"132":20,"133":20,"137":20,"138":20,"145":5,"146":0,"147":0,"151":5,"153":5,"154":5,"155":5,"156":5,"158":5,"159":0,"161":5,"162":5,"166":0,"176":4,"178":1,"179":1,"180":1,"181":1,"184":3,"185":3,"186":3,"193":8,"194":8,"197":8,"199":6,"202":6,"205":2,"208":2,"209":0,"213":4,"214":4,"215":4,"219":8,"220":8,"221":8,"225":0,"230":8,"237":1,"238":1,"243":0,"244":0,"245":0,"247":0,"248":0,"255":0,"263":2,"264":2,"268":2,"269":2,"270":1,"271":1,"276":0,"277":0,"282":3,"286":3,"295":0,"304":0,"309":0,"310":0,"314":0},"path":"/Users/marcinmajchrzak/Documents/Trivial/contracts/TrivialToken.sol","s":{"1":74,"2":40,"3":13,"4":14,"5":4,"6":0,"7":0,"8":13,"9":13,"10":13,"11":13,"12":13,"13":13,"14":13,"15":13,"16":13,"17":13,"18":13,"19":13,"20":13,"21":13,"22":13,"23":9,"24":9,"25":32,"26":32,"27":32,"28":32,"29":32,"30":5,"31":20,"32":20,"33":20,"34":20,"35":5,"36":0,"37":0,"38":5,"39":5,"40":5,"41":5,"42":5,"43":5,"44":0,"45":5,"46":5,"47":0,"48":4,"49":1,"50":1,"51":1,"52":1,"53":3,"54":3,"55":3,"56":8,"57":8,"58":8,"59":6,"60":6,"61":2,"62":2,"63":0,"64":4,"65":4,"66":4,"67":8,"68":8,"69":8,"70":0,"71":8,"72":1,"73":1,"74":1,"75":0,"76":0,"77":0,"78":0,"79":0,"80":2,"81":2,"82":2,"83":2,"84":1,"85":0,"86":0,"87":3,"88":3,"89":0,"90":0,"91":0,"92":0},"b":{"1":[70,4],"2":[40,0],"3":[11,2],"4":[14,0],"5":[4,0],"6":[0,0],"7":[0,0],"8":[13,0],"9":[13,0],"10":[13,0],"11":[13,0],"12":[32,0],"13":[28,4],"14":[0,5],"15":[5,0],"16":[0,5],"17":[1,3],"18":[8,0],"19":[6,2],"20":[2,4],"21":[0,2],"22":[0,8],"23":[1,0],"24":[0,0],"25":[0,0],"26":[1,1],"27":[3,0]},"f":{"1":74,"2":40,"3":13,"4":14,"5":4,"6":0,"7":13,"8":9,"9":32,"10":5,"11":5,"12":0,"13":4,"14":8,"15":8,"16":1,"17":0,"18":0,"19":2,"20":2,"21":0,"22":3,"23":0,"24":0,"25":0,"26":0},"fnMap":{"1":{"name":"onlyInState","line":57,"loc":{"start":{"line":57,"column":4},"end":{"line":57,"column":44}}},"2":{"name":"onlyBefore","line":58,"loc":{"start":{"line":58,"column":4},"end":{"line":58,"column":37}}},"3":{"name":"onlyAfter","line":59,"loc":{"start":{"line":59,"column":4},"end":{"line":59,"column":36}}},"4":{"name":"onlyTrivial","line":60,"loc":{"start":{"line":60,"column":4},"end":{"line":60,"column":25}}},"5":{"name":"onlyKeyHolders","line":61,"loc":{"start":{"line":61,"column":4},"end":{"line":61,"column":28}}},"6":{"name":"onlyAuctionWinner","line":64,"loc":{"start":{"line":64,"column":4},"end":{"line":64,"column":31}}},"7":{"name":"TrivialToken","line":70,"loc":{"start":{"line":70,"column":4},"end":{"line":77,"column":8}}},"8":{"name":"startIco","line":107,"loc":{"start":{"line":107,"column":4},"end":{"line":109,"column":20}}},"9":{"name":"contributeInIco","line":114,"loc":{"start":{"line":114,"column":4},"end":{"line":116,"column":29}}},"10":{"name":"distributeTokens","line":128,"loc":{"start":{"line":128,"column":4},"end":{"line":130,"column":28}}},"11":{"name":"finishIco","line":142,"loc":{"start":{"line":142,"column":4},"end":{"line":144,"column":28}}},"12":{"name":"checkContribution","line":165,"loc":{"start":{"line":165,"column":4},"end":{"line":165,"column":74}}},"13":{"name":"startAuction","line":172,"loc":{"start":{"line":172,"column":4},"end":{"line":174,"column":23}}},"14":{"name":"bidInAuction","line":189,"loc":{"start":{"line":189,"column":4},"end":{"line":191,"column":33}}},"15":{"name":"calculateUserBid","line":218,"loc":{"start":{"line":218,"column":4},"end":{"line":218,"column":56}}},"16":{"name":"finishAuction","line":233,"loc":{"start":{"line":233,"column":4},"end":{"line":235,"column":32}}},"17":{"name":"withdrawShares","line":241,"loc":{"start":{"line":241,"column":4},"end":{"line":242,"column":41}}},"18":{"name":"isKeyHolder","line":254,"loc":{"start":{"line":254,"column":4},"end":{"line":254,"column":63}}},"19":{"name":"cancelIco","line":260,"loc":{"start":{"line":260,"column":4},"end":{"line":262,"column":20}}},"20":{"name":"claimIcoContribution","line":267,"loc":{"start":{"line":267,"column":4},"end":{"line":267,"column":85}}},"21":{"name":"setAuctionWinnerMessageHash","line":274,"loc":{"start":{"line":274,"column":4},"end":{"line":275,"column":26}}},"22":{"name":"killContract","line":280,"loc":{"start":{"line":280,"column":4},"end":{"line":281,"column":20}}},"23":{"name":"getContractState","line":290,"loc":{"start":{"line":290,"column":4},"end":{"line":294,"column":8}}},"24":{"name":"transfer","line":303,"loc":{"start":{"line":303,"column":4},"end":{"line":303,"column":105}}},"25":{"name":"transfer","line":307,"loc":{"start":{"line":307,"column":4},"end":{"line":307,"column":61}}},"26":{"name":null,"line":313,"loc":{"start":{"line":313,"column":4},"end":{"line":313,"column":22}}}},"statementMap":{"1":{"start":{"line":57,"column":48},"end":{"line":57,"column":85}},"2":{"start":{"line":58,"column":41},"end":{"line":58,"column":60}},"3":{"start":{"line":59,"column":40},"end":{"line":59,"column":59}},"4":{"start":{"line":60,"column":29},"end":{"line":60,"column":58}},"5":{"start":{"line":61,"column":32},"end":{"line":61,"column":2217}},"6":{"start":{"line":65,"column":8},"end":{"line":65,"column":53}},"7":{"start":{"line":66,"column":8},"end":{"line":66,"column":43}},"8":{"start":{"line":78,"column":8},"end":{"line":78,"column":33}},"9":{"start":{"line":79,"column":8},"end":{"line":79,"column":2752}},"10":{"start":{"line":85,"column":8},"end":{"line":85,"column":40}},"11":{"start":{"line":86,"column":8},"end":{"line":86,"column":54}},"12":{"start":{"line":88,"column":8},"end":{"line":88,"column":19}},"13":{"start":{"line":89,"column":8},"end":{"line":89,"column":23}},"14":{"start":{"line":90,"column":8},"end":{"line":90,"column":26}},"15":{"start":{"line":92,"column":8},"end":{"line":92,"column":31}},"16":{"start":{"line":93,"column":8},"end":{"line":93,"column":41}},"17":{"start":{"line":94,"column":8},"end":{"line":94,"column":23}},"18":{"start":{"line":95,"column":8},"end":{"line":95,"column":25}},"19":{"start":{"line":97,"column":8},"end":{"line":97,"column":41}},"20":{"start":{"line":98,"column":8},"end":{"line":98,"column":43}},"21":{"start":{"line":99,"column":8},"end":{"line":99,"column":35}},"22":{"start":{"line":101,"column":8},"end":{"line":101,"column":35}},"23":{"start":{"line":110,"column":8},"end":{"line":110,"column":38}},"24":{"start":{"line":111,"column":8},"end":{"line":111,"column":29}},"25":{"start":{"line":117,"column":8},"end":{"line":117,"column":42}},"26":{"start":{"line":119,"column":8},"end":{"line":119,"column":3756}},"27":{"start":{"line":122,"column":8},"end":{"line":122,"column":85}},"28":{"start":{"line":123,"column":8},"end":{"line":123,"column":59}},"29":{"start":{"line":125,"column":8},"end":{"line":125,"column":58}},"30":{"start":{"line":131,"column":8},"end":{"line":131,"column":4194}},"31":{"start":{"line":132,"column":12},"end":{"line":132,"column":91}},"32":{"start":{"line":133,"column":12},"end":{"line":133,"column":4416}},"33":{"start":{"line":137,"column":12},"end":{"line":137,"column":62}},"34":{"start":{"line":138,"column":12},"end":{"line":138,"column":112}},"35":{"start":{"line":145,"column":8},"end":{"line":145,"column":4923}},"36":{"start":{"line":146,"column":12},"end":{"line":146,"column":44}},"37":{"start":{"line":147,"column":12},"end":{"line":147,"column":18}},"38":{"start":{"line":151,"column":8},"end":{"line":151,"column":74}},"39":{"start":{"line":153,"column":8},"end":{"line":153,"column":73}},"40":{"start":{"line":154,"column":8},"end":{"line":154,"column":76}},"41":{"start":{"line":155,"column":8},"end":{"line":155,"column":86}},"42":{"start":{"line":156,"column":8},"end":{"line":156,"column":67}},"43":{"start":{"line":158,"column":8},"end":{"line":158,"column":5501}},"44":{"start":{"line":159,"column":12},"end":{"line":159,"column":42}},"45":{"start":{"line":161,"column":8},"end":{"line":161,"column":39}},"46":{"start":{"line":162,"column":8},"end":{"line":162,"column":32}},"47":{"start":{"line":166,"column":8},"end":{"line":166,"column":41}},"48":{"start":{"line":176,"column":8},"end":{"line":176,"column":5986}},"49":{"start":{"line":178,"column":12},"end":{"line":178,"column":37}},"50":{"start":{"line":179,"column":12},"end":{"line":179,"column":47}},"51":{"start":{"line":180,"column":12},"end":{"line":180,"column":53}},"52":{"start":{"line":181,"column":12},"end":{"line":181,"column":18}},"53":{"start":{"line":184,"column":8},"end":{"line":184,"column":58}},"54":{"start":{"line":185,"column":8},"end":{"line":185,"column":42}},"55":{"start":{"line":186,"column":8},"end":{"line":186,"column":37}},"56":{"start":{"line":193,"column":8},"end":{"line":193,"column":43}},"57":{"start":{"line":194,"column":8},"end":{"line":194,"column":39}},"58":{"start":{"line":197,"column":8},"end":{"line":197,"column":6693}},"59":{"start":{"line":199,"column":12},"end":{"line":199,"column":6809}},"60":{"start":{"line":202,"column":12},"end":{"line":202,"column":41}},"61":{"start":{"line":205,"column":12},"end":{"line":205,"column":7161}},"62":{"start":{"line":208,"column":12},"end":{"line":208,"column":7280}},"63":{"start":{"line":209,"column":16},"end":{"line":209,"column":55}},"64":{"start":{"line":213,"column":8},"end":{"line":213,"column":33}},"65":{"start":{"line":214,"column":8},"end":{"line":214,"column":23}},"66":{"start":{"line":215,"column":8},"end":{"line":215,"column":51}},"67":{"start":{"line":219,"column":8},"end":{"line":219,"column":30}},"68":{"start":{"line":220,"column":8},"end":{"line":220,"column":51}},"69":{"start":{"line":221,"column":8},"end":{"line":221,"column":7680}},"70":{"start":{"line":225,"column":12},"end":{"line":225,"column":7903}},"71":{"start":{"line":230,"column":8},"end":{"line":230,"column":18}},"72":{"start":{"line":236,"column":8},"end":{"line":236,"column":30}},"73":{"start":{"line":237,"column":8},"end":{"line":237,"column":43}},"74":{"start":{"line":238,"column":8},"end":{"line":238,"column":49}},"75":{"start":{"line":243,"column":8},"end":{"line":243,"column":49}},"76":{"start":{"line":244,"column":8},"end":{"line":244,"column":35}},"77":{"start":{"line":245,"column":8},"end":{"line":245,"column":27}},"78":{"start":{"line":247,"column":8},"end":{"line":247,"column":8603}},"79":{"start":{"line":255,"column":8},"end":{"line":255,"column":95}},"80":{"start":{"line":263,"column":8},"end":{"line":263,"column":40}},"81":{"start":{"line":264,"column":8},"end":{"line":264,"column":21}},"82":{"start":{"line":268,"column":8},"end":{"line":268,"column":56}},"83":{"start":{"line":269,"column":8},"end":{"line":269,"column":32}},"84":{"start":{"line":270,"column":8},"end":{"line":270,"column":37}},"85":{"start":{"line":276,"column":8},"end":{"line":276,"column":59}},"86":{"start":{"line":277,"column":8},"end":{"line":277,"column":27}},"87":{"start":{"line":282,"column":8},"end":{"line":282,"column":9670}},"88":{"start":{"line":286,"column":8},"end":{"line":286,"column":28}},"89":{"start":{"line":295,"column":8},"end":{"line":295,"column":10098}},"90":{"start":{"line":304,"column":8},"end":{"line":304,"column":55}},"91":{"start":{"line":310,"column":8},"end":{"line":310,"column":43}},"92":{"start":{"line":314,"column":8},"end":{"line":314,"column":15}}},"branchMap":{"1":{"line":57,"type":"if","locations":[{"start":{"line":57,"column":48},"end":{"line":57,"column":48}},{"start":{"line":57,"column":48},"end":{"line":57,"column":48}}]},"2":{"line":58,"type":"if","locations":[{"start":{"line":58,"column":41},"end":{"line":58,"column":41}},{"start":{"line":58,"column":41},"end":{"line":58,"column":41}}]},"3":{"line":59,"type":"if","locations":[{"start":{"line":59,"column":40},"end":{"line":59,"column":40}},{"start":{"line":59,"column":40},"end":{"line":59,"column":40}}]},"4":{"line":60,"type":"if","locations":[{"start":{"line":60,"column":29},"end":{"line":60,"column":29}},{"start":{"line":60,"column":29},"end":{"line":60,"column":29}}]},"5":{"line":61,"type":"if","locations":[{"start":{"line":61,"column":32},"end":{"line":61,"column":32}},{"start":{"line":61,"column":32},"end":{"line":61,"column":32}}]},"6":{"line":65,"type":"if","locations":[{"start":{"line":65,"column":8},"end":{"line":65,"column":8}},{"start":{"line":65,"column":8},"end":{"line":65,"column":8}}]},"7":{"line":66,"type":"if","locations":[{"start":{"line":66,"column":8},"end":{"line":66,"column":8}},{"start":{"line":66,"column":8},"end":{"line":66,"column":8}}]},"8":{"line":78,"type":"if","locations":[{"start":{"line":78,"column":8},"end":{"line":78,"column":8}},{"start":{"line":78,"column":8},"end":{"line":78,"column":8}}]},"9":{"line":79,"type":"if","locations":[{"start":{"line":79,"column":8},"end":{"line":79,"column":8}},{"start":{"line":79,"column":8},"end":{"line":79,"column":8}}]},"10":{"line":85,"type":"if","locations":[{"start":{"line":85,"column":8},"end":{"line":85,"column":8}},{"start":{"line":85,"column":8},"end":{"line":85,"column":8}}]},"11":{"line":86,"type":"if","locations":[{"start":{"line":86,"column":8},"end":{"line":86,"column":8}},{"start":{"line":86,"column":8},"end":{"line":86,"column":8}}]},"12":{"line":117,"type":"if","locations":[{"start":{"line":117,"column":8},"end":{"line":117,"column":8}},{"start":{"line":117,"column":8},"end":{"line":117,"column":8}}]},"13":{"line":119,"type":"if","locations":[{"start":{"line":119,"column":8},"end":{"line":119,"column":8}},{"start":{"line":119,"column":8},"end":{"line":119,"column":8}}]},"14":{"line":145,"type":"if","locations":[{"start":{"line":145,"column":8},"end":{"line":145,"column":8}},{"start":{"line":145,"column":8},"end":{"line":145,"column":8}}]},"15":{"line":151,"type":"if","locations":[{"start":{"line":151,"column":8},"end":{"line":151,"column":8}},{"start":{"line":151,"column":8},"end":{"line":151,"column":8}}]},"16":{"line":158,"type":"if","locations":[{"start":{"line":158,"column":8},"end":{"line":158,"column":8}},{"start":{"line":158,"column":8},"end":{"line":158,"column":8}}]},"17":{"line":176,"type":"if","locations":[{"start":{"line":176,"column":8},"end":{"line":176,"column":8}},{"start":{"line":176,"column":8},"end":{"line":176,"column":8}}]},"18":{"line":193,"type":"if","locations":[{"start":{"line":193,"column":8},"end":{"line":193,"column":8}},{"start":{"line":193,"column":8},"end":{"line":193,"column":8}}]},"19":{"line":197,"type":"if","locations":[{"start":{"line":197,"column":8},"end":{"line":197,"column":8}},{"start":{"line":197,"column":8},"end":{"line":197,"column":8}}]},"20":{"line":202,"type":"if","locations":[{"start":{"line":202,"column":12},"end":{"line":202,"column":12}},{"start":{"line":202,"column":12},"end":{"line":202,"column":12}}]},"21":{"line":208,"type":"if","locations":[{"start":{"line":208,"column":12},"end":{"line":208,"column":12}},{"start":{"line":208,"column":12},"end":{"line":208,"column":12}}]},"22":{"line":221,"type":"if","locations":[{"start":{"line":221,"column":8},"end":{"line":221,"column":8}},{"start":{"line":221,"column":8},"end":{"line":221,"column":8}}]},"23":{"line":236,"type":"if","locations":[{"start":{"line":236,"column":8},"end":{"line":236,"column":8}},{"start":{"line":236,"column":8},"end":{"line":236,"column":8}}]},"24":{"line":244,"type":"if","locations":[{"start":{"line":244,"column":8},"end":{"line":244,"column":8}},{"start":{"line":244,"column":8},"end":{"line":244,"column":8}}]},"25":{"line":247,"type":"if","locations":[{"start":{"line":247,"column":8},"end":{"line":247,"column":8}},{"start":{"line":247,"column":8},"end":{"line":247,"column":8}}]},"26":{"line":269,"type":"if","locations":[{"start":{"line":269,"column":8},"end":{"line":269,"column":8}},{"start":{"line":269,"column":8},"end":{"line":269,"column":8}}]},"27":{"line":282,"type":"if","locations":[{"start":{"line":282,"column":8},"end":{"line":282,"column":8}},{"start":{"line":282,"column":8},"end":{"line":282,"column":8}}]}}},"/Users/marcinmajchrzak/Documents/Trivial/contracts/interface/ERC223ReceiverInterface.sol":{"l":{},"path":"/Users/marcinmajchrzak/Documents/Trivial/contracts/interface/ERC223ReceiverInterface.sol","s":{},"b":{},"f":{},"fnMap":{},"statementMap":{},"branchMap":{}},"/Users/marcinmajchrzak/Documents/Trivial/contracts/interface/ERC223TokenInterface.sol":{"l":{},"path":"/Users/marcinmajchrzak/Documents/Trivial/contracts/interface/ERC223TokenInterface.sol","s":{},"b":{},"f":{},"fnMap":{},"statementMap":{},"branchMap":{}},"/Users/marcinmajchrzak/Documents/Trivial/contracts/token/ERC223Token.sol":{"l":{"19":2,"22":0,"25":0,"28":0,"35":0,"36":0,"40":0,"41":0,"42":0,"43":0,"44":0,"47":0,"48":0,"52":0,"53":0,"55":0,"56":0,"60":0,"62":0,"63":0},"path":"/Users/marcinmajchrzak/Documents/Trivial/contracts/token/ERC223Token.sol","s":{"1":2,"2":0,"3":0,"4":0,"5":0,"6":0,"7":0,"8":0,"9":0,"10":0,"11":0,"12":0,"13":0,"14":0,"15":0,"16":0},"b":{"1":[0,0],"2":[0,0]},"f":{"1":2,"2":0,"3":0,"4":0,"5":0,"6":0,"7":0,"8":0},"fnMap":{"1":{"name":"name","line":18,"loc":{"start":{"line":18,"column":4},"end":{"line":18,"column":50}}},"2":{"name":"symbol","line":21,"loc":{"start":{"line":21,"column":4},"end":{"line":21,"column":54}}},"3":{"name":"decimals","line":24,"loc":{"start":{"line":24,"column":4},"end":{"line":24,"column":57}}},"4":{"name":"totalSupply","line":27,"loc":{"start":{"line":27,"column":4},"end":{"line":27,"column":65}}},"5":{"name":"onlyPayloadSize","line":34,"loc":{"start":{"line":34,"column":4},"end":{"line":34,"column":38}}},"6":{"name":"transfer","line":39,"loc":{"start":{"line":39,"column":4},"end":{"line":39,"column":95}}},"7":{"name":"transfer","line":51,"loc":{"start":{"line":51,"column":4},"end":{"line":51,"column":59}}},"8":{"name":"isContract","line":59,"loc":{"start":{"line":59,"column":4},"end":{"line":59,"column":74}}}},"statementMap":{"1":{"start":{"line":19,"column":8},"end":{"line":19,"column":19}},"2":{"start":{"line":22,"column":8},"end":{"line":22,"column":21}},"3":{"start":{"line":25,"column":8},"end":{"line":25,"column":23}},"4":{"start":{"line":28,"column":8},"end":{"line":28,"column":26}},"5":{"start":{"line":35,"column":8},"end":{"line":35,"column":43}},"6":{"start":{"line":40,"column":8},"end":{"line":40,"column":71}},"7":{"start":{"line":41,"column":8},"end":{"line":41,"column":55}},"8":{"start":{"line":42,"column":8},"end":{"line":42,"column":1277}},"9":{"start":{"line":43,"column":12},"end":{"line":43,"column":73}},"10":{"start":{"line":47,"column":8},"end":{"line":47,"column":44}},"11":{"start":{"line":48,"column":8},"end":{"line":48,"column":19}},"12":{"start":{"line":53,"column":8},"end":{"line":53,"column":33}},"13":{"start":{"line":55,"column":8},"end":{"line":55,"column":38}},"14":{"start":{"line":56,"column":8},"end":{"line":56,"column":19}},"15":{"start":{"line":61,"column":8},"end":{"line":61,"column":26}},"16":{"start":{"line":63,"column":8},"end":{"line":63,"column":25}}},"branchMap":{"1":{"line":35,"type":"if","locations":[{"start":{"line":35,"column":8},"end":{"line":35,"column":8}},{"start":{"line":35,"column":8},"end":{"line":35,"column":8}}]},"2":{"line":42,"type":"if","locations":[{"start":{"line":42,"column":8},"end":{"line":42,"column":8}},{"start":{"line":42,"column":8},"end":{"line":42,"column":8}}]}}}}